2023-04-23 18:00:35,420 [main] DEBUG org.jboss.logging - Logging Provider: org.jboss.logging.Slf4jLoggerProvider 
2023-04-23 18:00:37,266 [main] INFO  io.undertow - starting server: Undertow - 2.2.4.Final 
2023-04-23 18:00:37,311 [main] INFO  org.xnio - XNIO version 3.8.0.Final 
2023-04-23 18:00:37,663 [main] INFO  org.jboss.threads - JBoss Threads version 3.1.0.Final 
2023-04-23 18:00:37,689 [main] DEBUG io.undertow - Configuring listener with protocol HTTP for interface 0.0.0.0 and port 9630 
2023-04-23 18:18:41,703 [Thread-1] INFO  io.undertow - stopping server: Undertow - 2.2.4.Final 
2023-04-23 18:18:42,736 [main] INFO  io.undertow - stopping server: Undertow - 2.2.4.Final 
2023-04-23 18:57:46,806 [main] DEBUG org.jboss.logging - Logging Provider: org.jboss.logging.Slf4jLoggerProvider 
2023-04-23 18:57:47,738 [main] INFO  io.undertow - starting server: Undertow - 2.2.4.Final 
2023-04-23 18:57:47,768 [main] INFO  org.xnio - XNIO version 3.8.0.Final 
2023-04-23 18:57:47,943 [main] INFO  org.jboss.threads - JBoss Threads version 3.1.0.Final 
2023-04-23 18:57:47,955 [main] DEBUG io.undertow - Configuring listener with protocol HTTP for interface 0.0.0.0 and port 9630 
2023-04-23 19:01:41,305 [nREPL-session-9a182891-0d88-485c-a7d4-e50726fa1aa4] ERROR com.zaxxer.hikari.pool.HikariPool - HikariPool-1 - Exception during pool initialization. 
org.postgresql.util.PSQLException: FATAL: password authentication failed for user "sugbi"
	at org.postgresql.core.v3.ConnectionFactoryImpl.doAuthentication(ConnectionFactoryImpl.java:646)
	at org.postgresql.core.v3.ConnectionFactoryImpl.tryConnect(ConnectionFactoryImpl.java:180)
	at org.postgresql.core.v3.ConnectionFactoryImpl.openConnectionImpl(ConnectionFactoryImpl.java:235)
	at org.postgresql.core.ConnectionFactory.openConnection(ConnectionFactory.java:49)
	at org.postgresql.jdbc.PgConnection.<init>(PgConnection.java:223)
	at org.postgresql.Driver.makeConnection(Driver.java:468)
	at org.postgresql.Driver.connect(Driver.java:267)
	at com.zaxxer.hikari.util.DriverDataSource.getConnection(DriverDataSource.java:121)
	at com.zaxxer.hikari.pool.PoolBase.newConnection(PoolBase.java:364)
	at com.zaxxer.hikari.pool.PoolBase.newPoolEntry(PoolBase.java:206)
	at com.zaxxer.hikari.pool.HikariPool.createPoolEntry(HikariPool.java:476)
	at com.zaxxer.hikari.pool.HikariPool.checkFailFast(HikariPool.java:561)
	at com.zaxxer.hikari.pool.HikariPool.<init>(HikariPool.java:115)
	at com.zaxxer.hikari.HikariDataSource.<init>(HikariDataSource.java:81)
	at hikari_cp.core$make_datasource.invokeStatic(core.clj:268)
	at hikari_cp.core$make_datasource.invoke(core.clj:265)
	at conman.core$connect_BANG_.invokeStatic(core.clj:159)
	at conman.core$connect_BANG_.invoke(core.clj:155)
	at sugbi.db.core$eval13577$fn__13578.invoke(core.clj:15)
	at mount.core$record_BANG_.invokeStatic(core.cljc:74)
	at mount.core$record_BANG_.invoke(core.cljc:73)
	at mount.core$up$fn__457.invoke(core.cljc:81)
	at mount.core$up.invokeStatic(core.cljc:80)
	at mount.core$up.invoke(core.cljc:78)
	at mount.core$bring.invokeStatic(core.cljc:247)
	at mount.core$bring.invoke(core.cljc:239)
	at mount.core$start.invokeStatic(core.cljc:289)
	at mount.core$start.doInvoke(core.cljc:281)
	at clojure.lang.RestFn.applyTo(RestFn.java:137)
	at clojure.core$apply.invokeStatic(core.clj:667)
	at clojure.core$apply.invoke(core.clj:662)
	at mount.core$start_without.invokeStatic(core.cljc:409)
	at mount.core$start_without.doInvoke(core.cljc:403)
	at clojure.lang.RestFn.invoke(RestFn.java:408)
	at user$start.invokeStatic(user.clj:22)
	at user$start.invoke(user.clj:18)
	at shadow.user$eval58247.invokeStatic(form-init5735852685772965382.clj:29)
	at shadow.user$eval58247.invoke(form-init5735852685772965382.clj:29)
	at clojure.lang.Compiler.eval(Compiler.java:7194)
	at clojure.lang.Compiler.eval(Compiler.java:7149)
	at clojure.core$eval.invokeStatic(core.clj:3215)
	at clojure.core$eval.invoke(core.clj:3211)
	at nrepl.middleware.interruptible_eval$evaluate$fn__26123$fn__26124.invoke(interruptible_eval.clj:87)
	at clojure.lang.AFn.applyToHelper(AFn.java:152)
	at clojure.lang.AFn.applyTo(AFn.java:144)
	at clojure.core$apply.invokeStatic(core.clj:667)
	at clojure.core$with_bindings_STAR_.invokeStatic(core.clj:1990)
	at clojure.core$with_bindings_STAR_.doInvoke(core.clj:1990)
	at clojure.lang.RestFn.invoke(RestFn.java:425)
	at nrepl.middleware.interruptible_eval$evaluate$fn__26123.invoke(interruptible_eval.clj:87)
	at clojure.main$repl$read_eval_print__9206$fn__9209.invoke(main.clj:437)
	at clojure.main$repl$read_eval_print__9206.invoke(main.clj:437)
	at clojure.main$repl$fn__9215.invoke(main.clj:458)
	at clojure.main$repl.invokeStatic(main.clj:458)
	at clojure.main$repl.doInvoke(main.clj:368)
	at clojure.lang.RestFn.invoke(RestFn.java:1523)
	at nrepl.middleware.interruptible_eval$evaluate.invokeStatic(interruptible_eval.clj:84)
	at nrepl.middleware.interruptible_eval$evaluate.invoke(interruptible_eval.clj:56)
	at nrepl.middleware.interruptible_eval$interruptible_eval$fn__26156$fn__26160.invoke(interruptible_eval.clj:152)
	at clojure.lang.AFn.run(AFn.java:22)
	at nrepl.middleware.session$session_exec$main_loop__26226$fn__26230.invoke(session.clj:218)
	at nrepl.middleware.session$session_exec$main_loop__26226.invoke(session.clj:217)
	at clojure.lang.AFn.run(AFn.java:22)
	at java.base/java.lang.Thread.run(Thread.java:829)
2023-04-23 19:06:02,956 [nREPL-session-9a182891-0d88-485c-a7d4-e50726fa1aa4] ERROR com.zaxxer.hikari.pool.HikariPool - HikariPool-2 - Exception during pool initialization. 
org.postgresql.util.PSQLException: FATAL: password authentication failed for user "sugbi"
	at org.postgresql.core.v3.ConnectionFactoryImpl.doAuthentication(ConnectionFactoryImpl.java:646)
	at org.postgresql.core.v3.ConnectionFactoryImpl.tryConnect(ConnectionFactoryImpl.java:180)
	at org.postgresql.core.v3.ConnectionFactoryImpl.openConnectionImpl(ConnectionFactoryImpl.java:235)
	at org.postgresql.core.ConnectionFactory.openConnection(ConnectionFactory.java:49)
	at org.postgresql.jdbc.PgConnection.<init>(PgConnection.java:223)
	at org.postgresql.Driver.makeConnection(Driver.java:468)
	at org.postgresql.Driver.connect(Driver.java:267)
	at com.zaxxer.hikari.util.DriverDataSource.getConnection(DriverDataSource.java:121)
	at com.zaxxer.hikari.pool.PoolBase.newConnection(PoolBase.java:364)
	at com.zaxxer.hikari.pool.PoolBase.newPoolEntry(PoolBase.java:206)
	at com.zaxxer.hikari.pool.HikariPool.createPoolEntry(HikariPool.java:476)
	at com.zaxxer.hikari.pool.HikariPool.checkFailFast(HikariPool.java:561)
	at com.zaxxer.hikari.pool.HikariPool.<init>(HikariPool.java:115)
	at com.zaxxer.hikari.HikariDataSource.<init>(HikariDataSource.java:81)
	at hikari_cp.core$make_datasource.invokeStatic(core.clj:268)
	at hikari_cp.core$make_datasource.invoke(core.clj:265)
	at conman.core$connect_BANG_.invokeStatic(core.clj:159)
	at conman.core$connect_BANG_.invoke(core.clj:155)
	at sugbi.db.core$eval13577$fn__13578.invoke(core.clj:15)
	at mount.core$record_BANG_.invokeStatic(core.cljc:74)
	at mount.core$record_BANG_.invoke(core.cljc:73)
	at mount.core$up$fn__457.invoke(core.cljc:81)
	at mount.core$up.invokeStatic(core.cljc:80)
	at mount.core$up.invoke(core.cljc:78)
	at mount.core$bring.invokeStatic(core.cljc:247)
	at mount.core$bring.invoke(core.cljc:239)
	at mount.core$start.invokeStatic(core.cljc:289)
	at mount.core$start.doInvoke(core.cljc:281)
	at clojure.lang.RestFn.applyTo(RestFn.java:137)
	at clojure.core$apply.invokeStatic(core.clj:667)
	at clojure.core$apply.invoke(core.clj:662)
	at mount.core$start_without.invokeStatic(core.cljc:409)
	at mount.core$start_without.doInvoke(core.cljc:403)
	at clojure.lang.RestFn.invoke(RestFn.java:408)
	at user$start.invokeStatic(user.clj:22)
	at user$start.invoke(user.clj:18)
	at shadow.user$eval58249.invokeStatic(form-init5735852685772965382.clj:32)
	at shadow.user$eval58249.invoke(form-init5735852685772965382.clj:32)
	at clojure.lang.Compiler.eval(Compiler.java:7194)
	at clojure.lang.Compiler.eval(Compiler.java:7149)
	at clojure.core$eval.invokeStatic(core.clj:3215)
	at clojure.core$eval.invoke(core.clj:3211)
	at nrepl.middleware.interruptible_eval$evaluate$fn__26123$fn__26124.invoke(interruptible_eval.clj:87)
	at clojure.lang.AFn.applyToHelper(AFn.java:152)
	at clojure.lang.AFn.applyTo(AFn.java:144)
	at clojure.core$apply.invokeStatic(core.clj:667)
	at clojure.core$with_bindings_STAR_.invokeStatic(core.clj:1990)
	at clojure.core$with_bindings_STAR_.doInvoke(core.clj:1990)
	at clojure.lang.RestFn.invoke(RestFn.java:425)
	at nrepl.middleware.interruptible_eval$evaluate$fn__26123.invoke(interruptible_eval.clj:87)
	at clojure.main$repl$read_eval_print__9206$fn__9209.invoke(main.clj:437)
	at clojure.main$repl$read_eval_print__9206.invoke(main.clj:437)
	at clojure.main$repl$fn__9215.invoke(main.clj:458)
	at clojure.main$repl.invokeStatic(main.clj:458)
	at clojure.main$repl.doInvoke(main.clj:368)
	at clojure.lang.RestFn.invoke(RestFn.java:1523)
	at nrepl.middleware.interruptible_eval$evaluate.invokeStatic(interruptible_eval.clj:84)
	at nrepl.middleware.interruptible_eval$evaluate.invoke(interruptible_eval.clj:56)
	at nrepl.middleware.interruptible_eval$interruptible_eval$fn__26156$fn__26160.invoke(interruptible_eval.clj:152)
	at clojure.lang.AFn.run(AFn.java:22)
	at nrepl.middleware.session$session_exec$main_loop__26226$fn__26230.invoke(session.clj:218)
	at nrepl.middleware.session$session_exec$main_loop__26226.invoke(session.clj:217)
	at clojure.lang.AFn.run(AFn.java:22)
	at java.base/java.lang.Thread.run(Thread.java:829)
2023-04-23 19:09:06,725 [nREPL-session-9a182891-0d88-485c-a7d4-e50726fa1aa4] ERROR com.zaxxer.hikari.pool.HikariPool - HikariPool-3 - Exception during pool initialization. 
org.postgresql.util.PSQLException: FATAL: password authentication failed for user "sugbi"
	at org.postgresql.core.v3.ConnectionFactoryImpl.doAuthentication(ConnectionFactoryImpl.java:646)
	at org.postgresql.core.v3.ConnectionFactoryImpl.tryConnect(ConnectionFactoryImpl.java:180)
	at org.postgresql.core.v3.ConnectionFactoryImpl.openConnectionImpl(ConnectionFactoryImpl.java:235)
	at org.postgresql.core.ConnectionFactory.openConnection(ConnectionFactory.java:49)
	at org.postgresql.jdbc.PgConnection.<init>(PgConnection.java:223)
	at org.postgresql.Driver.makeConnection(Driver.java:468)
	at org.postgresql.Driver.connect(Driver.java:267)
	at com.zaxxer.hikari.util.DriverDataSource.getConnection(DriverDataSource.java:121)
	at com.zaxxer.hikari.pool.PoolBase.newConnection(PoolBase.java:364)
	at com.zaxxer.hikari.pool.PoolBase.newPoolEntry(PoolBase.java:206)
	at com.zaxxer.hikari.pool.HikariPool.createPoolEntry(HikariPool.java:476)
	at com.zaxxer.hikari.pool.HikariPool.checkFailFast(HikariPool.java:561)
	at com.zaxxer.hikari.pool.HikariPool.<init>(HikariPool.java:115)
	at com.zaxxer.hikari.HikariDataSource.<init>(HikariDataSource.java:81)
	at hikari_cp.core$make_datasource.invokeStatic(core.clj:268)
	at hikari_cp.core$make_datasource.invoke(core.clj:265)
	at conman.core$connect_BANG_.invokeStatic(core.clj:159)
	at conman.core$connect_BANG_.invoke(core.clj:155)
	at sugbi.db.core$eval13577$fn__13578.invoke(core.clj:15)
	at mount.core$record_BANG_.invokeStatic(core.cljc:74)
	at mount.core$record_BANG_.invoke(core.cljc:73)
	at mount.core$up$fn__457.invoke(core.cljc:81)
	at mount.core$up.invokeStatic(core.cljc:80)
	at mount.core$up.invoke(core.cljc:78)
	at mount.core$bring.invokeStatic(core.cljc:247)
	at mount.core$bring.invoke(core.cljc:239)
	at mount.core$start.invokeStatic(core.cljc:289)
	at mount.core$start.doInvoke(core.cljc:281)
	at clojure.lang.RestFn.applyTo(RestFn.java:137)
	at clojure.core$apply.invokeStatic(core.clj:667)
	at clojure.core$apply.invoke(core.clj:662)
	at mount.core$start_without.invokeStatic(core.cljc:409)
	at mount.core$start_without.doInvoke(core.cljc:403)
	at clojure.lang.RestFn.invoke(RestFn.java:408)
	at user$start.invokeStatic(user.clj:22)
	at user$start.invoke(user.clj:18)
	at shadow.user$eval58251.invokeStatic(form-init5735852685772965382.clj:65)
	at shadow.user$eval58251.invoke(form-init5735852685772965382.clj:65)
	at clojure.lang.Compiler.eval(Compiler.java:7194)
	at clojure.lang.Compiler.eval(Compiler.java:7149)
	at clojure.core$eval.invokeStatic(core.clj:3215)
	at clojure.core$eval.invoke(core.clj:3211)
	at nrepl.middleware.interruptible_eval$evaluate$fn__26123$fn__26124.invoke(interruptible_eval.clj:87)
	at clojure.lang.AFn.applyToHelper(AFn.java:152)
	at clojure.lang.AFn.applyTo(AFn.java:144)
	at clojure.core$apply.invokeStatic(core.clj:667)
	at clojure.core$with_bindings_STAR_.invokeStatic(core.clj:1990)
	at clojure.core$with_bindings_STAR_.doInvoke(core.clj:1990)
	at clojure.lang.RestFn.invoke(RestFn.java:425)
	at nrepl.middleware.interruptible_eval$evaluate$fn__26123.invoke(interruptible_eval.clj:87)
	at clojure.main$repl$read_eval_print__9206$fn__9209.invoke(main.clj:437)
	at clojure.main$repl$read_eval_print__9206.invoke(main.clj:437)
	at clojure.main$repl$fn__9215.invoke(main.clj:458)
	at clojure.main$repl.invokeStatic(main.clj:458)
	at clojure.main$repl.doInvoke(main.clj:368)
	at clojure.lang.RestFn.invoke(RestFn.java:1523)
	at nrepl.middleware.interruptible_eval$evaluate.invokeStatic(interruptible_eval.clj:84)
	at nrepl.middleware.interruptible_eval$evaluate.invoke(interruptible_eval.clj:56)
	at nrepl.middleware.interruptible_eval$interruptible_eval$fn__26156$fn__26160.invoke(interruptible_eval.clj:152)
	at clojure.lang.AFn.run(AFn.java:22)
	at nrepl.middleware.session$session_exec$main_loop__26226$fn__26230.invoke(session.clj:218)
	at nrepl.middleware.session$session_exec$main_loop__26226.invoke(session.clj:217)
	at clojure.lang.AFn.run(AFn.java:22)
	at java.base/java.lang.Thread.run(Thread.java:829)
