2023-04-25 14:37:12,353 [main] DEBUG org.jboss.logging - Logging Provider: org.jboss.logging.Slf4jLoggerProvider 
2023-04-25 14:37:16,534 [main] INFO  io.undertow - starting server: Undertow - 2.2.4.Final 
2023-04-25 14:37:16,599 [main] INFO  org.xnio - XNIO version 3.8.0.Final 
2023-04-25 14:37:17,164 [main] INFO  org.jboss.threads - JBoss Threads version 3.1.0.Final 
2023-04-25 14:37:17,266 [main] DEBUG io.undertow - Configuring listener with protocol HTTP for interface 0.0.0.0 and port 9630 
2023-04-25 15:42:14,529 [nREPL-session-4e381633-0c33-445b-900e-fc96109cf548] INFO  sugbi.env - 
-=[sugbi started successfully using the development profile]=- 
2023-04-25 15:42:19,074 [nREPL-session-4e381633-0c33-445b-900e-fc96109cf548] INFO  luminus.http-server - server started on port 3000 
2023-04-25 18:54:07,160 [nREPL-session-4e381633-0c33-445b-900e-fc96109cf548] INFO  migratus.core - Starting migrations 
2023-04-25 18:54:07,481 [nREPL-session-4e381633-0c33-445b-900e-fc96109cf548] INFO  migratus.database - creating migration table 'schema_migrations' 
2023-04-25 18:54:09,015 [nREPL-session-4e381633-0c33-445b-900e-fc96109cf548] DEBUG migratus.migrations - Looking for migrations in #object[java.io.File 0x7cc8f94 /home/paola/Documentos/I.S/SugbiPaola/sugbi-P-/resources/migrations] 
2023-04-25 18:54:09,020 [nREPL-session-4e381633-0c33-445b-900e-fc96109cf548] INFO  migratus.core - Ending migrations 
2023-04-25 18:54:09,024 [nREPL-session-4e381633-0c33-445b-900e-fc96109cf548] INFO  migratus.core - Starting migrations 
2023-04-25 18:54:09,052 [nREPL-session-4e381633-0c33-445b-900e-fc96109cf548] DEBUG migratus.migrations - Looking for migrations in #object[java.io.File 0x6df14445 /home/paola/Documentos/I.S/SugbiPaola/sugbi-P-/resources/migrations] 
2023-04-25 18:54:09,054 [nREPL-session-4e381633-0c33-445b-900e-fc96109cf548] INFO  migratus.core - Running up for [20230228002443 20230321184035 20230417032642 20230424194606] 
2023-04-25 18:54:09,054 [nREPL-session-4e381633-0c33-445b-900e-fc96109cf548] INFO  migratus.core - Up 20230228002443-initial-catalog-model 
2023-04-25 18:54:09,055 [nREPL-session-4e381633-0c33-445b-900e-fc96109cf548] INFO  migratus.database - Connection is  {:connection #object[org.postgresql.jdbc.PgConnection 0x4b179fde org.postgresql.jdbc.PgConnection@4b179fde]} Config is {:store :database, :db {:connection-uri uri-censored}} 
2023-04-25 18:54:09,115 [nREPL-session-4e381633-0c33-445b-900e-fc96109cf548] DEBUG migratus.migration.sql - found 4 up migrations 
2023-04-25 18:54:09,367 [nREPL-session-4e381633-0c33-445b-900e-fc96109cf548] DEBUG migratus.database - marking 20230228002443 complete 
2023-04-25 18:54:09,395 [nREPL-session-4e381633-0c33-445b-900e-fc96109cf548] INFO  migratus.core - Up 20230321184035-removes-catalog-book-info 
2023-04-25 18:54:09,395 [nREPL-session-4e381633-0c33-445b-900e-fc96109cf548] INFO  migratus.database - Connection is  {:connection #object[org.postgresql.jdbc.PgConnection 0x4b179fde org.postgresql.jdbc.PgConnection@4b179fde]} Config is {:store :database, :db {:connection-uri uri-censored}} 
2023-04-25 18:54:09,398 [nREPL-session-4e381633-0c33-445b-900e-fc96109cf548] DEBUG migratus.migration.sql - found 3 up migrations 
2023-04-25 18:54:09,511 [nREPL-session-4e381633-0c33-445b-900e-fc96109cf548] DEBUG migratus.database - marking 20230321184035 complete 
2023-04-25 18:54:09,528 [nREPL-session-4e381633-0c33-445b-900e-fc96109cf548] INFO  migratus.core - Up 20230417032642-adds-librarians 
2023-04-25 18:54:09,528 [nREPL-session-4e381633-0c33-445b-900e-fc96109cf548] INFO  migratus.database - Connection is  {:connection #object[org.postgresql.jdbc.PgConnection 0x4b179fde org.postgresql.jdbc.PgConnection@4b179fde]} Config is {:store :database, :db {:connection-uri uri-censored}} 
2023-04-25 18:54:09,532 [nREPL-session-4e381633-0c33-445b-900e-fc96109cf548] DEBUG migratus.migration.sql - found 2 up migrations 
2023-04-25 18:54:09,733 [nREPL-session-4e381633-0c33-445b-900e-fc96109cf548] DEBUG migratus.database - marking 20230417032642 complete 
2023-04-25 18:54:09,760 [nREPL-session-4e381633-0c33-445b-900e-fc96109cf548] INFO  migratus.core - Up 20230424194606-complete-catalog-model-activity 
2023-04-25 18:54:09,762 [nREPL-session-4e381633-0c33-445b-900e-fc96109cf548] INFO  migratus.database - Connection is  {:connection #object[org.postgresql.jdbc.PgConnection 0x4b179fde org.postgresql.jdbc.PgConnection@4b179fde]} Config is {:store :database, :db {:connection-uri uri-censored}} 
2023-04-25 18:54:09,799 [nREPL-session-4e381633-0c33-445b-900e-fc96109cf548] DEBUG migratus.migration.sql - found 2 up migrations 
2023-04-25 18:54:09,923 [nREPL-session-4e381633-0c33-445b-900e-fc96109cf548] DEBUG migratus.database - marking 20230424194606 complete 
2023-04-25 18:54:09,950 [nREPL-session-4e381633-0c33-445b-900e-fc96109cf548] INFO  migratus.core - Ending migrations 
2023-04-25 18:56:44,724 [nREPL-session-4e381633-0c33-445b-900e-fc96109cf548] INFO  migratus.core - Starting migrations 
2023-04-25 18:56:44,773 [nREPL-session-4e381633-0c33-445b-900e-fc96109cf548] DEBUG migratus.migrations - Looking for migrations in #object[java.io.File 0x56365f9d /home/paola/Documentos/I.S/SugbiPaola/sugbi-P-/resources/migrations] 
2023-04-25 18:56:44,775 [nREPL-session-4e381633-0c33-445b-900e-fc96109cf548] INFO  migratus.core - Running down for [20230424194606 20230417032642 20230321184035 20230228002443] 
2023-04-25 18:56:44,776 [nREPL-session-4e381633-0c33-445b-900e-fc96109cf548] INFO  migratus.core - Down 20230424194606-complete-catalog-model-activity 
2023-04-25 18:56:44,777 [nREPL-session-4e381633-0c33-445b-900e-fc96109cf548] INFO  migratus.database - Connection is  {:connection #object[org.postgresql.jdbc.PgConnection 0x2ab4dd98 org.postgresql.jdbc.PgConnection@2ab4dd98]} Config is {:store :database, :db {:connection-uri uri-censored}} 
2023-04-25 18:56:44,817 [nREPL-session-4e381633-0c33-445b-900e-fc96109cf548] DEBUG migratus.migration.sql - found 2 down migrations 
2023-04-25 18:56:44,873 [nREPL-session-4e381633-0c33-445b-900e-fc96109cf548] ERROR migratus.migration.sql - failed to execute command:
 drop table catalog.book_item;
 
2023-04-25 18:56:44,874 [nREPL-session-4e381633-0c33-445b-900e-fc96109cf548] ERROR migratus.migration.sql - ERROR: cannot drop table catalog.book_item because other objects depend on it
  Detail: constraint book_lending_book_item_id_fkey on table catalog.book_lending depends on table catalog.book_item
  Hint: Use DROP ... CASCADE to drop the dependent objects too. 
2023-04-25 18:56:44,877 [nREPL-session-4e381633-0c33-445b-900e-fc96109cf548] INFO  migratus.core - Ending migrations 
2023-04-25 19:14:41,578 [nREPL-session-4e381633-0c33-445b-900e-fc96109cf548] INFO  migratus.core - Starting migrations 
2023-04-25 19:14:41,611 [nREPL-session-4e381633-0c33-445b-900e-fc96109cf548] DEBUG migratus.migrations - Looking for migrations in #object[java.io.File 0x6d10802c /home/paola/Documentos/I.S/SugbiPaola/sugbi-P-/resources/migrations] 
2023-04-25 19:14:41,613 [nREPL-session-4e381633-0c33-445b-900e-fc96109cf548] INFO  migratus.core - Running down for [20230424194606 20230417032642 20230321184035 20230228002443] 
2023-04-25 19:14:41,614 [nREPL-session-4e381633-0c33-445b-900e-fc96109cf548] INFO  migratus.core - Down 20230424194606-complete-catalog-model-activity 
2023-04-25 19:14:41,614 [nREPL-session-4e381633-0c33-445b-900e-fc96109cf548] INFO  migratus.database - Connection is  {:connection #object[org.postgresql.jdbc.PgConnection 0xc435626 org.postgresql.jdbc.PgConnection@c435626]} Config is {:store :database, :db {:connection-uri uri-censored}} 
2023-04-25 19:14:41,619 [nREPL-session-4e381633-0c33-445b-900e-fc96109cf548] DEBUG migratus.migration.sql - found 2 down migrations 
2023-04-25 19:14:41,621 [nREPL-session-4e381633-0c33-445b-900e-fc96109cf548] ERROR migratus.migration.sql - failed to execute command:
 drop table catalog.book_item casacade;
 
2023-04-25 19:14:41,621 [nREPL-session-4e381633-0c33-445b-900e-fc96109cf548] ERROR migratus.migration.sql - ERROR: syntax error at or near "casacade"
  Position: 30 
2023-04-25 19:14:41,624 [nREPL-session-4e381633-0c33-445b-900e-fc96109cf548] INFO  migratus.core - Ending migrations 
2023-04-25 19:15:31,077 [nREPL-session-4e381633-0c33-445b-900e-fc96109cf548] INFO  migratus.core - Starting migrations 
2023-04-25 19:15:31,106 [nREPL-session-4e381633-0c33-445b-900e-fc96109cf548] DEBUG migratus.migrations - Looking for migrations in #object[java.io.File 0x4b9475ad /home/paola/Documentos/I.S/SugbiPaola/sugbi-P-/resources/migrations] 
2023-04-25 19:15:31,109 [nREPL-session-4e381633-0c33-445b-900e-fc96109cf548] INFO  migratus.core - Running down for [20230424194606 20230417032642 20230321184035 20230228002443] 
2023-04-25 19:15:31,109 [nREPL-session-4e381633-0c33-445b-900e-fc96109cf548] INFO  migratus.core - Down 20230424194606-complete-catalog-model-activity 
2023-04-25 19:15:31,110 [nREPL-session-4e381633-0c33-445b-900e-fc96109cf548] INFO  migratus.database - Connection is  {:connection #object[org.postgresql.jdbc.PgConnection 0x23831de0 org.postgresql.jdbc.PgConnection@23831de0]} Config is {:store :database, :db {:connection-uri uri-censored}} 
2023-04-25 19:15:31,117 [nREPL-session-4e381633-0c33-445b-900e-fc96109cf548] DEBUG migratus.migration.sql - found 2 down migrations 
2023-04-25 19:15:31,239 [nREPL-session-4e381633-0c33-445b-900e-fc96109cf548] DEBUG migratus.database - marking 20230424194606 not complete 
2023-04-25 19:15:31,264 [nREPL-session-4e381633-0c33-445b-900e-fc96109cf548] INFO  migratus.core - Down 20230417032642-adds-librarians 
2023-04-25 19:15:31,265 [nREPL-session-4e381633-0c33-445b-900e-fc96109cf548] INFO  migratus.database - Connection is  {:connection #object[org.postgresql.jdbc.PgConnection 0x23831de0 org.postgresql.jdbc.PgConnection@23831de0]} Config is {:store :database, :db {:connection-uri uri-censored}} 
2023-04-25 19:15:31,279 [nREPL-session-4e381633-0c33-445b-900e-fc96109cf548] DEBUG migratus.migration.sql - found 2 down migrations 
2023-04-25 19:15:31,347 [nREPL-session-4e381633-0c33-445b-900e-fc96109cf548] DEBUG migratus.database - marking 20230417032642 not complete 
2023-04-25 19:15:31,375 [nREPL-session-4e381633-0c33-445b-900e-fc96109cf548] INFO  migratus.core - Down 20230321184035-removes-catalog-book-info 
2023-04-25 19:15:31,377 [nREPL-session-4e381633-0c33-445b-900e-fc96109cf548] INFO  migratus.database - Connection is  {:connection #object[org.postgresql.jdbc.PgConnection 0x23831de0 org.postgresql.jdbc.PgConnection@23831de0]} Config is {:store :database, :db {:connection-uri uri-censored}} 
2023-04-25 19:15:31,385 [nREPL-session-4e381633-0c33-445b-900e-fc96109cf548] DEBUG migratus.migration.sql - found 3 down migrations 
2023-04-25 19:15:31,587 [nREPL-session-4e381633-0c33-445b-900e-fc96109cf548] DEBUG migratus.database - marking 20230321184035 not complete 
2023-04-25 19:15:31,622 [nREPL-session-4e381633-0c33-445b-900e-fc96109cf548] INFO  migratus.core - Down 20230228002443-initial-catalog-model 
2023-04-25 19:15:31,624 [nREPL-session-4e381633-0c33-445b-900e-fc96109cf548] INFO  migratus.database - Connection is  {:connection #object[org.postgresql.jdbc.PgConnection 0x23831de0 org.postgresql.jdbc.PgConnection@23831de0]} Config is {:store :database, :db {:connection-uri uri-censored}} 
2023-04-25 19:15:31,645 [nREPL-session-4e381633-0c33-445b-900e-fc96109cf548] DEBUG migratus.migration.sql - found 4 down migrations 
2023-04-25 19:15:31,696 [nREPL-session-4e381633-0c33-445b-900e-fc96109cf548] DEBUG migratus.database - marking 20230228002443 not complete 
2023-04-25 19:15:31,718 [nREPL-session-4e381633-0c33-445b-900e-fc96109cf548] INFO  migratus.core - Ending migrations 
2023-04-25 19:15:31,719 [nREPL-session-4e381633-0c33-445b-900e-fc96109cf548] INFO  migratus.core - Starting migrations 
2023-04-25 19:15:31,751 [nREPL-session-4e381633-0c33-445b-900e-fc96109cf548] DEBUG migratus.migrations - Looking for migrations in #object[java.io.File 0x1700eaea /home/paola/Documentos/I.S/SugbiPaola/sugbi-P-/resources/migrations] 
2023-04-25 19:15:31,754 [nREPL-session-4e381633-0c33-445b-900e-fc96109cf548] INFO  migratus.core - Running up for [20230228002443 20230321184035 20230417032642 20230424194606] 
2023-04-25 19:15:31,754 [nREPL-session-4e381633-0c33-445b-900e-fc96109cf548] INFO  migratus.core - Up 20230228002443-initial-catalog-model 
2023-04-25 19:15:31,755 [nREPL-session-4e381633-0c33-445b-900e-fc96109cf548] INFO  migratus.database - Connection is  {:connection #object[org.postgresql.jdbc.PgConnection 0x165268a org.postgresql.jdbc.PgConnection@165268a]} Config is {:store :database, :db {:connection-uri uri-censored}} 
2023-04-25 19:15:31,765 [nREPL-session-4e381633-0c33-445b-900e-fc96109cf548] DEBUG migratus.migration.sql - found 4 up migrations 
2023-04-25 19:15:32,086 [nREPL-session-4e381633-0c33-445b-900e-fc96109cf548] DEBUG migratus.database - marking 20230228002443 complete 
2023-04-25 19:15:32,114 [nREPL-session-4e381633-0c33-445b-900e-fc96109cf548] INFO  migratus.core - Up 20230321184035-removes-catalog-book-info 
2023-04-25 19:15:32,117 [nREPL-session-4e381633-0c33-445b-900e-fc96109cf548] INFO  migratus.database - Connection is  {:connection #object[org.postgresql.jdbc.PgConnection 0x165268a org.postgresql.jdbc.PgConnection@165268a]} Config is {:store :database, :db {:connection-uri uri-censored}} 
2023-04-25 19:15:32,136 [nREPL-session-4e381633-0c33-445b-900e-fc96109cf548] DEBUG migratus.migration.sql - found 3 up migrations 
2023-04-25 19:15:32,211 [nREPL-session-4e381633-0c33-445b-900e-fc96109cf548] DEBUG migratus.database - marking 20230321184035 complete 
2023-04-25 19:15:32,235 [nREPL-session-4e381633-0c33-445b-900e-fc96109cf548] INFO  migratus.core - Up 20230417032642-adds-librarians 
2023-04-25 19:15:32,236 [nREPL-session-4e381633-0c33-445b-900e-fc96109cf548] INFO  migratus.database - Connection is  {:connection #object[org.postgresql.jdbc.PgConnection 0x165268a org.postgresql.jdbc.PgConnection@165268a]} Config is {:store :database, :db {:connection-uri uri-censored}} 
2023-04-25 19:15:32,244 [nREPL-session-4e381633-0c33-445b-900e-fc96109cf548] DEBUG migratus.migration.sql - found 2 up migrations 
2023-04-25 19:15:32,371 [nREPL-session-4e381633-0c33-445b-900e-fc96109cf548] DEBUG migratus.database - marking 20230417032642 complete 
2023-04-25 19:15:32,398 [nREPL-session-4e381633-0c33-445b-900e-fc96109cf548] INFO  migratus.core - Up 20230424194606-complete-catalog-model-activity 
2023-04-25 19:15:32,399 [nREPL-session-4e381633-0c33-445b-900e-fc96109cf548] INFO  migratus.database - Connection is  {:connection #object[org.postgresql.jdbc.PgConnection 0x165268a org.postgresql.jdbc.PgConnection@165268a]} Config is {:store :database, :db {:connection-uri uri-censored}} 
2023-04-25 19:15:32,415 [nREPL-session-4e381633-0c33-445b-900e-fc96109cf548] DEBUG migratus.migration.sql - found 2 up migrations 
2023-04-25 19:15:32,582 [nREPL-session-4e381633-0c33-445b-900e-fc96109cf548] DEBUG migratus.database - marking 20230424194606 complete 
2023-04-25 19:15:32,610 [nREPL-session-4e381633-0c33-445b-900e-fc96109cf548] INFO  migratus.core - Ending migrations 
2023-04-25 19:26:29,051 [nREPL-session-4e381633-0c33-445b-900e-fc96109cf548] INFO  migratus.core - Starting migrations 
2023-04-25 19:26:29,078 [nREPL-session-4e381633-0c33-445b-900e-fc96109cf548] DEBUG migratus.migrations - Looking for migrations in #object[java.io.File 0x33f2dbb7 /home/paola/Documentos/I.S/SugbiPaola/sugbi-P-/resources/migrations] 
2023-04-25 19:26:29,079 [nREPL-session-4e381633-0c33-445b-900e-fc96109cf548] INFO  migratus.core - Running down for [20230424194606 20230417032642 20230321184035 20230228002443] 
2023-04-25 19:26:29,080 [nREPL-session-4e381633-0c33-445b-900e-fc96109cf548] INFO  migratus.core - Down 20230424194606-complete-catalog-model-activity 
2023-04-25 19:26:29,080 [nREPL-session-4e381633-0c33-445b-900e-fc96109cf548] INFO  migratus.database - Connection is  {:connection #object[org.postgresql.jdbc.PgConnection 0x615cf298 org.postgresql.jdbc.PgConnection@615cf298]} Config is {:store :database, :db {:connection-uri uri-censored}} 
2023-04-25 19:26:29,089 [nREPL-session-4e381633-0c33-445b-900e-fc96109cf548] DEBUG migratus.migration.sql - found 2 down migrations 
2023-04-25 19:26:29,163 [nREPL-session-4e381633-0c33-445b-900e-fc96109cf548] DEBUG migratus.database - marking 20230424194606 not complete 
2023-04-25 19:26:29,188 [nREPL-session-4e381633-0c33-445b-900e-fc96109cf548] INFO  migratus.core - Down 20230417032642-adds-librarians 
2023-04-25 19:26:29,190 [nREPL-session-4e381633-0c33-445b-900e-fc96109cf548] INFO  migratus.database - Connection is  {:connection #object[org.postgresql.jdbc.PgConnection 0x615cf298 org.postgresql.jdbc.PgConnection@615cf298]} Config is {:store :database, :db {:connection-uri uri-censored}} 
2023-04-25 19:26:29,204 [nREPL-session-4e381633-0c33-445b-900e-fc96109cf548] DEBUG migratus.migration.sql - found 2 down migrations 
2023-04-25 19:26:29,228 [nREPL-session-4e381633-0c33-445b-900e-fc96109cf548] DEBUG migratus.database - marking 20230417032642 not complete 
2023-04-25 19:26:29,244 [nREPL-session-4e381633-0c33-445b-900e-fc96109cf548] INFO  migratus.core - Down 20230321184035-removes-catalog-book-info 
2023-04-25 19:26:29,245 [nREPL-session-4e381633-0c33-445b-900e-fc96109cf548] INFO  migratus.database - Connection is  {:connection #object[org.postgresql.jdbc.PgConnection 0x615cf298 org.postgresql.jdbc.PgConnection@615cf298]} Config is {:store :database, :db {:connection-uri uri-censored}} 
2023-04-25 19:26:29,250 [nREPL-session-4e381633-0c33-445b-900e-fc96109cf548] DEBUG migratus.migration.sql - found 3 down migrations 
2023-04-25 19:26:29,417 [nREPL-session-4e381633-0c33-445b-900e-fc96109cf548] DEBUG migratus.database - marking 20230321184035 not complete 
2023-04-25 19:26:29,444 [nREPL-session-4e381633-0c33-445b-900e-fc96109cf548] INFO  migratus.core - Down 20230228002443-initial-catalog-model 
2023-04-25 19:26:29,445 [nREPL-session-4e381633-0c33-445b-900e-fc96109cf548] INFO  migratus.database - Connection is  {:connection #object[org.postgresql.jdbc.PgConnection 0x615cf298 org.postgresql.jdbc.PgConnection@615cf298]} Config is {:store :database, :db {:connection-uri uri-censored}} 
2023-04-25 19:26:29,467 [nREPL-session-4e381633-0c33-445b-900e-fc96109cf548] DEBUG migratus.migration.sql - found 4 down migrations 
2023-04-25 19:26:29,518 [nREPL-session-4e381633-0c33-445b-900e-fc96109cf548] DEBUG migratus.database - marking 20230228002443 not complete 
2023-04-25 19:26:29,532 [nREPL-session-4e381633-0c33-445b-900e-fc96109cf548] INFO  migratus.core - Ending migrations 
2023-04-25 19:26:29,533 [nREPL-session-4e381633-0c33-445b-900e-fc96109cf548] INFO  migratus.core - Starting migrations 
2023-04-25 19:26:29,567 [nREPL-session-4e381633-0c33-445b-900e-fc96109cf548] DEBUG migratus.migrations - Looking for migrations in #object[java.io.File 0x626e818b /home/paola/Documentos/I.S/SugbiPaola/sugbi-P-/resources/migrations] 
2023-04-25 19:26:29,568 [nREPL-session-4e381633-0c33-445b-900e-fc96109cf548] INFO  migratus.core - Running up for [20230228002443 20230321184035 20230417032642 20230424194606] 
2023-04-25 19:26:29,569 [nREPL-session-4e381633-0c33-445b-900e-fc96109cf548] INFO  migratus.core - Up 20230228002443-initial-catalog-model 
2023-04-25 19:26:29,569 [nREPL-session-4e381633-0c33-445b-900e-fc96109cf548] INFO  migratus.database - Connection is  {:connection #object[org.postgresql.jdbc.PgConnection 0x431d37a4 org.postgresql.jdbc.PgConnection@431d37a4]} Config is {:store :database, :db {:connection-uri uri-censored}} 
2023-04-25 19:26:29,574 [nREPL-session-4e381633-0c33-445b-900e-fc96109cf548] DEBUG migratus.migration.sql - found 4 up migrations 
2023-04-25 19:26:29,907 [nREPL-session-4e381633-0c33-445b-900e-fc96109cf548] DEBUG migratus.database - marking 20230228002443 complete 
2023-04-25 19:26:29,934 [nREPL-session-4e381633-0c33-445b-900e-fc96109cf548] INFO  migratus.core - Up 20230321184035-removes-catalog-book-info 
2023-04-25 19:26:29,936 [nREPL-session-4e381633-0c33-445b-900e-fc96109cf548] INFO  migratus.database - Connection is  {:connection #object[org.postgresql.jdbc.PgConnection 0x431d37a4 org.postgresql.jdbc.PgConnection@431d37a4]} Config is {:store :database, :db {:connection-uri uri-censored}} 
2023-04-25 19:26:29,955 [nREPL-session-4e381633-0c33-445b-900e-fc96109cf548] DEBUG migratus.migration.sql - found 3 up migrations 
2023-04-25 19:26:30,371 [nREPL-session-4e381633-0c33-445b-900e-fc96109cf548] DEBUG migratus.database - marking 20230321184035 complete 
2023-04-25 19:26:30,420 [nREPL-session-4e381633-0c33-445b-900e-fc96109cf548] INFO  migratus.core - Up 20230417032642-adds-librarians 
2023-04-25 19:26:30,422 [nREPL-session-4e381633-0c33-445b-900e-fc96109cf548] INFO  migratus.database - Connection is  {:connection #object[org.postgresql.jdbc.PgConnection 0x431d37a4 org.postgresql.jdbc.PgConnection@431d37a4]} Config is {:store :database, :db {:connection-uri uri-censored}} 
2023-04-25 19:26:30,447 [nREPL-session-4e381633-0c33-445b-900e-fc96109cf548] DEBUG migratus.migration.sql - found 2 up migrations 
2023-04-25 19:26:30,581 [nREPL-session-4e381633-0c33-445b-900e-fc96109cf548] DEBUG migratus.database - marking 20230417032642 complete 
2023-04-25 19:26:30,609 [nREPL-session-4e381633-0c33-445b-900e-fc96109cf548] INFO  migratus.core - Up 20230424194606-complete-catalog-model-activity 
2023-04-25 19:26:30,610 [nREPL-session-4e381633-0c33-445b-900e-fc96109cf548] INFO  migratus.database - Connection is  {:connection #object[org.postgresql.jdbc.PgConnection 0x431d37a4 org.postgresql.jdbc.PgConnection@431d37a4]} Config is {:store :database, :db {:connection-uri uri-censored}} 
2023-04-25 19:26:30,623 [nREPL-session-4e381633-0c33-445b-900e-fc96109cf548] DEBUG migratus.migration.sql - found 2 up migrations 
2023-04-25 19:26:30,743 [nREPL-session-4e381633-0c33-445b-900e-fc96109cf548] DEBUG migratus.database - marking 20230424194606 complete 
2023-04-25 19:26:30,771 [nREPL-session-4e381633-0c33-445b-900e-fc96109cf548] INFO  migratus.core - Ending migrations 
2023-04-25 20:27:59,572 [Thread-1] INFO  io.undertow - stopping server: Undertow - 2.2.4.Final 
2023-04-25 20:28:00,927 [main] INFO  io.undertow - stopping server: Undertow - 2.2.4.Final 
