2023-04-24 13:04:30,971 [main] DEBUG org.jboss.logging - Logging Provider: org.jboss.logging.Slf4jLoggerProvider 
2023-04-24 13:04:37,494 [main] INFO  io.undertow - starting server: Undertow - 2.2.4.Final 
2023-04-24 13:04:37,522 [main] INFO  org.xnio - XNIO version 3.8.0.Final 
2023-04-24 13:04:38,036 [main] INFO  org.jboss.threads - JBoss Threads version 3.1.0.Final 
2023-04-24 13:04:38,098 [main] DEBUG io.undertow - Configuring listener with protocol HTTP for interface 0.0.0.0 and port 9630 
2023-04-24 13:08:48,080 [Thread-1] INFO  io.undertow - stopping server: Undertow - 2.2.4.Final 
2023-04-24 13:14:44,116 [main] DEBUG org.jboss.logging - Logging Provider: org.jboss.logging.Slf4jLoggerProvider 
2023-04-24 13:14:48,855 [main] INFO  io.undertow - starting server: Undertow - 2.2.4.Final 
2023-04-24 13:14:48,906 [main] INFO  org.xnio - XNIO version 3.8.0.Final 
2023-04-24 13:14:49,488 [main] INFO  org.jboss.threads - JBoss Threads version 3.1.0.Final 
2023-04-24 13:14:49,558 [main] DEBUG io.undertow - Configuring listener with protocol HTTP for interface 0.0.0.0 and port 9630 
2023-04-24 13:15:48,993 [Thread-1] INFO  io.undertow - stopping server: Undertow - 2.2.4.Final 
2023-04-24 13:18:04,258 [main] DEBUG org.jboss.logging - Logging Provider: org.jboss.logging.Slf4jLoggerProvider 
2023-04-24 13:18:06,889 [main] INFO  io.undertow - starting server: Undertow - 2.2.4.Final 
2023-04-24 13:18:06,916 [main] INFO  org.xnio - XNIO version 3.8.0.Final 
2023-04-24 13:18:07,241 [main] INFO  org.jboss.threads - JBoss Threads version 3.1.0.Final 
2023-04-24 13:18:07,277 [main] DEBUG io.undertow - Configuring listener with protocol HTTP for interface 0.0.0.0 and port 9630 
2023-04-24 13:24:27,847 [Thread-1] INFO  io.undertow - stopping server: Undertow - 2.2.4.Final 
2023-04-24 13:26:31,062 [main] DEBUG org.jboss.logging - Logging Provider: org.jboss.logging.Slf4jLoggerProvider 
2023-04-24 13:26:33,883 [main] INFO  io.undertow - starting server: Undertow - 2.2.4.Final 
2023-04-24 13:26:33,903 [main] INFO  org.xnio - XNIO version 3.8.0.Final 
2023-04-24 13:26:34,304 [main] INFO  org.jboss.threads - JBoss Threads version 3.1.0.Final 
2023-04-24 13:26:34,347 [main] DEBUG io.undertow - Configuring listener with protocol HTTP for interface 0.0.0.0 and port 9630 
2023-04-24 13:29:02,025 [XNIO-1 I/O-1] DEBUG io.undertow.websockets.core.request - Attempting websocket handshake with io.undertow.websockets.core.protocol.version13.Hybi13Handshake@1e7b0942 on HttpServerExchange{ GET /api/remote-relay} 
2023-04-24 13:29:02,105 [XNIO-1 I/O-1] DEBUG io.undertow.request - Upgrading request HttpServerExchange{ GET /api/remote-relay} 
2023-04-24 13:29:02,645 [XNIO-1 I/O-1] DEBUG io.undertow.websockets.core.request - UT025003: Decoding WebSocket Frame with opCode 1 
2023-04-24 13:29:02,683 [XNIO-1 I/O-1] DEBUG io.undertow.websockets.core.request - UT025003: Decoding WebSocket Frame with opCode 1 
2023-04-24 13:29:07,724 [XNIO-1 I/O-1] DEBUG io.undertow.websockets.core.request - UT025003: Decoding WebSocket Frame with opCode 1 
2023-04-24 13:29:11,426 [Thread-1] INFO  io.undertow - stopping server: Undertow - 2.2.4.Final 
2023-04-24 13:34:06,890 [main] DEBUG org.jboss.logging - Logging Provider: org.jboss.logging.Slf4jLoggerProvider 
2023-04-24 13:34:09,583 [main] INFO  io.undertow - starting server: Undertow - 2.2.4.Final 
2023-04-24 13:34:09,617 [main] INFO  org.xnio - XNIO version 3.8.0.Final 
2023-04-24 13:34:10,017 [main] INFO  org.jboss.threads - JBoss Threads version 3.1.0.Final 
2023-04-24 13:34:10,066 [main] DEBUG io.undertow - Configuring listener with protocol HTTP for interface 0.0.0.0 and port 9630 
2023-04-24 13:36:50,557 [Thread-1] INFO  io.undertow - stopping server: Undertow - 2.2.4.Final 
2023-04-24 13:40:27,331 [main] DEBUG org.jboss.logging - Logging Provider: org.jboss.logging.Slf4jLoggerProvider 
2023-04-24 13:40:32,744 [main] INFO  io.undertow - starting server: Undertow - 2.2.4.Final 
2023-04-24 13:40:32,785 [main] INFO  org.xnio - XNIO version 3.8.0.Final 
2023-04-24 13:40:34,547 [main] INFO  org.jboss.threads - JBoss Threads version 3.1.0.Final 
2023-04-24 13:40:34,625 [main] DEBUG io.undertow - Configuring listener with protocol HTTP for interface 0.0.0.0 and port 9630 
2023-04-24 13:42:39,966 [nREPL-session-5abbb078-2e24-4045-b789-0ba48337ba12] INFO  sugbi.env - 
-=[sugbi started successfully using the development profile]=- 
2023-04-24 13:42:43,909 [nREPL-session-5abbb078-2e24-4045-b789-0ba48337ba12] INFO  luminus.http-server - server started on port 3000 
2023-04-24 21:43:47,526 [Thread-1] INFO  io.undertow - stopping server: Undertow - 2.2.4.Final 
2023-04-24 21:43:49,618 [main] INFO  io.undertow - stopping server: Undertow - 2.2.4.Final 
